Using pre-set license
Built from '2020.3/staging' branch; Version is '2020.3.0f1 (c7b5465681fb) revision 13088070'; Using compiler version '192528614'; Build Type 'Release'
OS: 'Windows 10 Home Single Language; OS build 19042.928; Version 2009; 64bit' Language: 'en' Physical Memory: 8034 MB
BatchMode: 1, IsHumanControllingUs: 0, StartBugReporterOnCrash: 0, Is64bit: 1, IsPro: 0

 COMMAND LINE ARGUMENTS:
C:\Program Files\Unity\Hub\Editor\2020.3.0f1\Editor\Unity.exe
-adb2
-batchMode
-noUpm
-name
AssetImportWorker0
-projectPath
C:/Users/shubh/AR House Dis
-logFile
Logs/AssetImportWorker0.log
-srvPort
56466
Successfully changed project path to: C:/Users/shubh/AR House Dis
C:/Users/shubh/AR House Dis
Using Asset Import Pipeline V2.
Refreshing native plugins compatible for Editor in 54.72 ms, found 0 plugins.
Preloading 0 native plugins for Editor in 0.00 ms.
Initialize engine version: 2020.3.0f1 (c7b5465681fb)
[Subsystems] Discovering subsystems at path C:/Program Files/Unity/Hub/Editor/2020.3.0f1/Editor/Data/Resources/UnitySubsystems
[Subsystems] Discovering subsystems at path C:/Users/shubh/AR House Dis/Assets
GfxDevice: creating device client; threaded=0
Direct3D:
    Version:  Direct3D 11.0 [level 11.1]
    Renderer: NVIDIA GeForce GTX 1050 Ti (ID=0x1c8c)
    Vendor:   
    VRAM:     4018 MB
    Driver:   27.21.14.6589
Initialize mono
Mono path[0] = 'C:/Program Files/Unity/Hub/Editor/2020.3.0f1/Editor/Data/Managed'
Mono path[1] = 'C:/Program Files/Unity/Hub/Editor/2020.3.0f1/Editor/Data/MonoBleedingEdge/lib/mono/unityjit'
Mono config path = 'C:/Program Files/Unity/Hub/Editor/2020.3.0f1/Editor/Data/MonoBleedingEdge/etc'
Using monoOptions --debugger-agent=transport=dt_socket,embedding=1,server=y,suspend=n,address=127.0.0.1:56716
Begin MonoManager ReloadAssembly
Registering precompiled unity dll's ...
Register platform support module: C:/Program Files/Unity/Hub/Editor/2020.3.0f1/Editor/Data/PlaybackEngines/WindowsStandaloneSupport/UnityEditor.WindowsStandalone.Extensions.dll
Registered in 0.003727 seconds.
Native extension for WindowsStandalone target not found
Refreshing native plugins compatible for Editor in 51.79 ms, found 0 plugins.
Preloading 0 native plugins for Editor in 0.00 ms.
Invoked RoslynAnalysisRunner static constructor.
RoslynAnalysisRunner will not be running.
RoslynAnalysisRunner has terminated.
Mono: successfully reloaded assembly
- Completed reload, in  3.861 seconds
Platform modules already initialized, skipping
Registering precompiled user dll's ...
Registered in 0.001440 seconds.
Begin MonoManager ReloadAssembly
Native extension for WindowsStandalone target not found
Refreshing native plugins compatible for Editor in 56.91 ms, found 0 plugins.
Preloading 0 native plugins for Editor in 0.00 ms.
Invoked RoslynAnalysisRunner static constructor.
RoslynAnalysisRunner will not be running.
RoslynAnalysisRunner has terminated.
Mono: successfully reloaded assembly
- Completed reload, in  1.883 seconds
Platform modules already initialized, skipping
========================================================================
Worker process is ready to serve import requests
Launched and connected shader compiler UnityShaderCompiler.exe after 0.10 seconds
Refreshing native plugins compatible for Editor in 0.65 ms, found 0 plugins.
Preloading 0 native plugins for Editor in 0.00 ms.
Unloading 1555 Unused Serialized files (Serialized files now loaded: 0)
System memory in use before: 70.6 MB.
System memory in use after: 70.6 MB.

Unloading 11 unused Assets to reduce memory usage. Loaded Objects now: 1999.
Total: 3.715400 ms (FindLiveObjects: 0.382800 ms CreateObjectMapping: 0.157200 ms MarkObjects: 3.036200 ms  DeleteObjects: 0.137400 ms)

========================================================================
Received Import Request.
  path: Assets/Assets.index
  artifactKey: Guid(a445ea7d7bf40c94082d484746a2c1b0) Importer(815301076,1909f56bfc062723c751e8b465ee728b)
Start importing Assets/Assets.index using Guid(a445ea7d7bf40c94082d484746a2c1b0) Importer(815301076,1909f56bfc062723c751e8b465ee728b)  -> (artifact id: '010fa3e2caa729952cd566c394a09b23') in 0.119679 seconds
  Import took 0.125855 seconds .

========================================================================
Received Import Request.
  Time since last request: 2.639760 seconds.
  path: Assets/1.jpeg
  artifactKey: Guid(763f5468a2c16b642963f9fe7ae36b10) Importer(815301076,1909f56bfc062723c751e8b465ee728b)
Start importing Assets/1.jpeg using Guid(763f5468a2c16b642963f9fe7ae36b10) Importer(815301076,1909f56bfc062723c751e8b465ee728b)  -> (artifact id: 'a81d231cd32e9c5801245a7c9d2cb0ca') in 0.096304 seconds
  Import took 0.101711 seconds .

========================================================================
Received Import Request.
  Time since last request: 0.221717 seconds.
  path: Assets/1.jpeg
  artifactKey: Guid(763f5468a2c16b642963f9fe7ae36b10) Importer(815301076,1909f56bfc062723c751e8b465ee728b)
Start importing Assets/1.jpeg using Guid(763f5468a2c16b642963f9fe7ae36b10) Importer(815301076,1909f56bfc062723c751e8b465ee728b)  -> (artifact id: 'a81d231cd32e9c5801245a7c9d2cb0ca') in 0.060072 seconds
  Import took 0.070486 seconds .

========================================================================
Received Import Request.
  Time since last request: 0.479460 seconds.
  path: Assets/Assets.index
  artifactKey: Guid(a445ea7d7bf40c94082d484746a2c1b0) Importer(815301076,1909f56bfc062723c751e8b465ee728b)
Start importing Assets/Assets.index using Guid(a445ea7d7bf40c94082d484746a2c1b0) Importer(815301076,1909f56bfc062723c751e8b465ee728b)  -> (artifact id: '95fadfbce056dd22a4a48f28384d57ad') in 0.014523 seconds
  Import took 0.020818 seconds .

========================================================================
Received Import Request.
  Time since last request: 29.199679 seconds.
  path: Assets/1.jpeg
  artifactKey: Guid(763f5468a2c16b642963f9fe7ae36b10) Importer(815301076,1909f56bfc062723c751e8b465ee728b)
Start importing Assets/1.jpeg using Guid(763f5468a2c16b642963f9fe7ae36b10) Importer(815301076,1909f56bfc062723c751e8b465ee728b)  -> (artifact id: 'ea453f5c6e840b38869e916b819612fb') in 0.141434 seconds
  Import took 0.154615 seconds .

========================================================================
Received Import Request.
  Time since last request: 0.931372 seconds.
  path: Assets/Assets.index
  artifactKey: Guid(a445ea7d7bf40c94082d484746a2c1b0) Importer(815301076,1909f56bfc062723c751e8b465ee728b)
Start importing Assets/Assets.index using Guid(a445ea7d7bf40c94082d484746a2c1b0) Importer(815301076,1909f56bfc062723c751e8b465ee728b)  -> (artifact id: 'e7964844edb66a42eebd924ed97f2fa8') in 0.016744 seconds
  Import took 0.024558 seconds .

========================================================================
Received Import Request.
  Time since last request: 595.279139 seconds.
  path: Assets/start_prev_ui.png
  artifactKey: Guid(2fee56b84e62ecf4a8ea1f039d5bd6cc) Importer(815301076,1909f56bfc062723c751e8b465ee728b)
Start importing Assets/start_prev_ui.png using Guid(2fee56b84e62ecf4a8ea1f039d5bd6cc) Importer(815301076,1909f56bfc062723c751e8b465ee728b)  -> (artifact id: '63d7c59cb209d7ea28615dd1d7a37f81') in 0.094270 seconds
  Import took 0.107790 seconds .

========================================================================
Received Import Request.
  Time since last request: 0.996684 seconds.
  path: Assets/Assets.index
  artifactKey: Guid(a445ea7d7bf40c94082d484746a2c1b0) Importer(815301076,1909f56bfc062723c751e8b465ee728b)
Start importing Assets/Assets.index using Guid(a445ea7d7bf40c94082d484746a2c1b0) Importer(815301076,1909f56bfc062723c751e8b465ee728b)  -> (artifact id: 'c63470c97aa468edbe300a648236fbea') in 0.033425 seconds
  Import took 0.048879 seconds .

========================================================================
Received Import Request.
  Time since last request: 25.302776 seconds.
  path: Assets/start_prev_ui.png
  artifactKey: Guid(2fee56b84e62ecf4a8ea1f039d5bd6cc) Importer(815301076,1909f56bfc062723c751e8b465ee728b)
Start importing Assets/start_prev_ui.png using Guid(2fee56b84e62ecf4a8ea1f039d5bd6cc) Importer(815301076,1909f56bfc062723c751e8b465ee728b)  -> (artifact id: 'fb35430a28c421d13076295f00952a59') in 0.083433 seconds
  Import took 0.099407 seconds .

========================================================================
Received Import Request.
  Time since last request: 1.100484 seconds.
  path: Assets/Assets.index
  artifactKey: Guid(a445ea7d7bf40c94082d484746a2c1b0) Importer(815301076,1909f56bfc062723c751e8b465ee728b)
Start importing Assets/Assets.index using Guid(a445ea7d7bf40c94082d484746a2c1b0) Importer(815301076,1909f56bfc062723c751e8b465ee728b)  -> (artifact id: '17bc5a178f0fb39a3da03916efe5b3b5') in 0.034392 seconds
  Import took 0.049778 seconds .

========================================================================
Received Import Request.
  Time since last request: 137.515358 seconds.
  path: Assets/Assets.index
  artifactKey: Guid(a445ea7d7bf40c94082d484746a2c1b0) Importer(815301076,1909f56bfc062723c751e8b465ee728b)
Start importing Assets/Assets.index using Guid(a445ea7d7bf40c94082d484746a2c1b0) Importer(815301076,1909f56bfc062723c751e8b465ee728b)  -> (artifact id: '6efa6b7f338e7a8a7b30cdacc5404c2f') in 0.028367 seconds
  Import took 0.042764 seconds .

========================================================================
Received Import Request.
  Time since last request: 115.139591 seconds.
  path: Assets
  artifactKey: Guid(00000000000000001000000000000000) Importer(815301076,1909f56bfc062723c751e8b465ee728b)
Start importing Assets using Guid(00000000000000001000000000000000) Importer(815301076,1909f56bfc062723c751e8b465ee728b)  -> (artifact id: '42baae205c97e3337697759514652acd') in 0.013672 seconds
  Import took 0.026519 seconds .

========================================================================
Received Import Request.
  Time since last request: 24.298826 seconds.
  path: Assets/play.cs
  artifactKey: Guid(153101cde190eed409c56919fb5f4547) Importer(815301076,1909f56bfc062723c751e8b465ee728b)
Start importing Assets/play.cs using Guid(153101cde190eed409c56919fb5f4547) Importer(815301076,1909f56bfc062723c751e8b465ee728b)  -> (artifact id: 'b8d228f0675836a031078d4b9ccf0079') in 0.032476 seconds
  Import took 0.039664 seconds .

========================================================================
Received Import Request.
  Time since last request: 0.532574 seconds.
  path: Assets/Assets.index
  artifactKey: Guid(a445ea7d7bf40c94082d484746a2c1b0) Importer(815301076,1909f56bfc062723c751e8b465ee728b)
Start importing Assets/Assets.index using Guid(a445ea7d7bf40c94082d484746a2c1b0) Importer(815301076,1909f56bfc062723c751e8b465ee728b)  -> (artifact id: '565ebe3f513dfc8af497a0a483cc6288') in 0.024655 seconds
  Import took 0.037662 seconds .

========================================================================
Received Prepare
Registering precompiled user dll's ...
Registered in 0.004300 seconds.
Begin MonoManager ReloadAssembly
Native extension for WindowsStandalone target not found
Refreshing native plugins compatible for Editor in 0.75 ms, found 0 plugins.
Preloading 0 native plugins for Editor in 0.00 ms.
Invoked RoslynAnalysisRunner static constructor.
RoslynAnalysisRunner will not be running.
RoslynAnalysisRunner has terminated.
Mono: successfully reloaded assembly
- Completed reload, in  3.189 seconds
Platform modules already initialized, skipping
Switching build target platform(5) subTarget(0) extendedPlatform(0) -> platform(13) subTarget(589824) extendedPlatform(0)
Refreshing native plugins compatible for Editor in 1.16 ms, found 0 plugins.
Preloading 0 native plugins for Editor in 0.00 ms.
Unloading 1549 Unused Serialized files (Serialized files now loaded: 0)
System memory in use before: 74.2 MB.
System memory in use after: 74.2 MB.

Unloading 6 unused Assets to reduce memory usage. Loaded Objects now: 2013.
Total: 9.358800 ms (FindLiveObjects: 0.565000 ms CreateObjectMapping: 0.227000 ms MarkObjects: 8.357900 ms  DeleteObjects: 0.199200 ms)

AssetImportParameters requested are different than current active one (requested -> active):
  custom:graphics/normal-map-encoding: 01000000000000000000000000000000 -> 02000000000000000000000000000000
========================================================================
Received Import Request.
  Time since last request: 22.711776 seconds.
  path: Assets/Play.cs
  artifactKey: Guid(153101cde190eed409c56919fb5f4547) Importer(815301076,1909f56bfc062723c751e8b465ee728b)
Start importing Assets/Play.cs using Guid(153101cde190eed409c56919fb5f4547) Importer(815301076,1909f56bfc062723c751e8b465ee728b)  -> (artifact id: '03dff7f8e33f78010f74855985fe20d4') in 0.029597 seconds
  Import took 0.039812 seconds .

========================================================================
Received Import Request.
  Time since last request: 0.970810 seconds.
  path: Assets/Assets.index
  artifactKey: Guid(a445ea7d7bf40c94082d484746a2c1b0) Importer(815301076,1909f56bfc062723c751e8b465ee728b)
Start importing Assets/Assets.index using Guid(a445ea7d7bf40c94082d484746a2c1b0) Importer(815301076,1909f56bfc062723c751e8b465ee728b)  -> (artifact id: 'f77c406c621037881fdcae3976392265') in 0.159971 seconds
  Import took 0.171556 seconds .

========================================================================
Received Prepare
Registering precompiled user dll's ...
Registered in 0.001372 seconds.
Begin MonoManager ReloadAssembly
Native extension for WindowsStandalone target not found
Refreshing native plugins compatible for Editor in 0.79 ms, found 0 plugins.
Preloading 0 native plugins for Editor in 0.00 ms.
Invoked RoslynAnalysisRunner static constructor.
RoslynAnalysisRunner will not be running.
RoslynAnalysisRunner has terminated.
Mono: successfully reloaded assembly
- Completed reload, in  2.986 seconds
Platform modules already initialized, skipping
Switching build target platform(5) subTarget(0) extendedPlatform(0) -> platform(13) subTarget(589824) extendedPlatform(0)
Refreshing native plugins compatible for Editor in 0.62 ms, found 0 plugins.
Preloading 0 native plugins for Editor in 0.00 ms.
Unloading 1549 Unused Serialized files (Serialized files now loaded: 0)
System memory in use before: 74.2 MB.
System memory in use after: 74.3 MB.

Unloading 6 unused Assets to reduce memory usage. Loaded Objects now: 2017.
Total: 6.383500 ms (FindLiveObjects: 0.546500 ms CreateObjectMapping: 0.286100 ms MarkObjects: 5.428300 ms  DeleteObjects: 0.119600 ms)

AssetImportParameters requested are different than current active one (requested -> active):
  custom:graphics/normal-map-encoding: 01000000000000000000000000000000 -> 02000000000000000000000000000000
========================================================================
Received Prepare
Registering precompiled user dll's ...
Registered in 0.001607 seconds.
Begin MonoManager ReloadAssembly
Native extension for WindowsStandalone target not found
Refreshing native plugins compatible for Editor in 0.84 ms, found 0 plugins.
Preloading 0 native plugins for Editor in 0.00 ms.
Invoked RoslynAnalysisRunner static constructor.
RoslynAnalysisRunner will not be running.
RoslynAnalysisRunner has terminated.
Mono: successfully reloaded assembly
- Completed reload, in  3.275 seconds
Platform modules already initialized, skipping
Switching build target platform(5) subTarget(0) extendedPlatform(0) -> platform(13) subTarget(589824) extendedPlatform(0)
Refreshing native plugins compatible for Editor in 0.69 ms, found 0 plugins.
Preloading 0 native plugins for Editor in 0.00 ms.
Unloading 1549 Unused Serialized files (Serialized files now loaded: 0)
System memory in use before: 74.2 MB.
System memory in use after: 74.3 MB.

Unloading 6 unused Assets to reduce memory usage. Loaded Objects now: 2021.
Total: 3.294500 ms (FindLiveObjects: 0.248600 ms CreateObjectMapping: 0.092400 ms MarkObjects: 2.859800 ms  DeleteObjects: 0.092500 ms)

AssetImportParameters requested are different than current active one (requested -> active):
  custom:graphics/normal-map-encoding: 01000000000000000000000000000000 -> 02000000000000000000000000000000
========================================================================
Received Import Request.
  Time since last request: 114.788653 seconds.
  path: Assets/Play.cs
  artifactKey: Guid(153101cde190eed409c56919fb5f4547) Importer(815301076,1909f56bfc062723c751e8b465ee728b)
Start importing Assets/Play.cs using Guid(153101cde190eed409c56919fb5f4547) Importer(815301076,1909f56bfc062723c751e8b465ee728b)  -> (artifact id: '0f2903b505e3a349c481acb5f08e161c') in 0.014626 seconds
  Import took 0.026720 seconds .

========================================================================
Received Import Request.
  Time since last request: 0.004285 seconds.
  path: Assets/Play.cs
  artifactKey: Guid(153101cde190eed409c56919fb5f4547) Importer(815301076,1909f56bfc062723c751e8b465ee728b)
Start importing Assets/Play.cs using Guid(153101cde190eed409c56919fb5f4547) Importer(815301076,1909f56bfc062723c751e8b465ee728b)  -> (artifact id: '0f2903b505e3a349c481acb5f08e161c') in 0.013305 seconds
  Import took 0.022190 seconds .

========================================================================
Received Prepare
Registering precompiled user dll's ...
Registered in 0.001467 seconds.
Begin MonoManager ReloadAssembly
Native extension for WindowsStandalone target not found
Refreshing native plugins compatible for Editor in 1.49 ms, found 0 plugins.
Preloading 0 native plugins for Editor in 0.00 ms.
Invoked RoslynAnalysisRunner static constructor.
RoslynAnalysisRunner will not be running.
RoslynAnalysisRunner has terminated.
Mono: successfully reloaded assembly
- Completed reload, in  3.765 seconds
Platform modules already initialized, skipping
Switching build target platform(5) subTarget(0) extendedPlatform(0) -> platform(13) subTarget(589824) extendedPlatform(0)
Refreshing native plugins compatible for Editor in 1.51 ms, found 0 plugins.
Preloading 0 native plugins for Editor in 0.00 ms.
Unloading 1548 Unused Serialized files (Serialized files now loaded: 0)
System memory in use before: 74.2 MB.
System memory in use after: 74.3 MB.

Unloading 7 unused Assets to reduce memory usage. Loaded Objects now: 2024.
Total: 11.919000 ms (FindLiveObjects: 0.729100 ms CreateObjectMapping: 0.252900 ms MarkObjects: 10.630000 ms  DeleteObjects: 0.301300 ms)

AssetImportParameters requested are different than current active one (requested -> active):
  custom:graphics/normal-map-encoding: 01000000000000000000000000000000 -> 02000000000000000000000000000000
========================================================================
Received Import Request.
  Time since last request: 25.368239 seconds.
  path: Assets/Play.cs
  artifactKey: Guid(153101cde190eed409c56919fb5f4547) Importer(815301076,1909f56bfc062723c751e8b465ee728b)
Start importing Assets/Play.cs using Guid(153101cde190eed409c56919fb5f4547) Importer(815301076,1909f56bfc062723c751e8b465ee728b)  -> (artifact id: '859c656e05fbf432f4ea3cf49db0a819') in 0.035437 seconds
  Import took 0.044869 seconds .

========================================================================
Received Import Request.
  Time since last request: 0.492994 seconds.
  path: Assets/Assets.index
  artifactKey: Guid(a445ea7d7bf40c94082d484746a2c1b0) Importer(815301076,1909f56bfc062723c751e8b465ee728b)
Start importing Assets/Assets.index using Guid(a445ea7d7bf40c94082d484746a2c1b0) Importer(815301076,1909f56bfc062723c751e8b465ee728b)  -> (artifact id: '900a53d86bb982212e2d23f59b841083') in 0.092716 seconds
  Import took 0.106736 seconds .

========================================================================
Received Prepare
Registering precompiled user dll's ...
Registered in 0.001569 seconds.
Begin MonoManager ReloadAssembly
Native extension for WindowsStandalone target not found
Refreshing native plugins compatible for Editor in 0.93 ms, found 0 plugins.
Preloading 0 native plugins for Editor in 0.00 ms.
Invoked RoslynAnalysisRunner static constructor.
RoslynAnalysisRunner will not be running.
RoslynAnalysisRunner has terminated.
Mono: successfully reloaded assembly
- Completed reload, in  2.656 seconds
Platform modules already initialized, skipping
Switching build target platform(5) subTarget(0) extendedPlatform(0) -> platform(13) subTarget(589824) extendedPlatform(0)
Refreshing native plugins compatible for Editor in 0.87 ms, found 0 plugins.
Preloading 0 native plugins for Editor in 0.00 ms.
Unloading 1549 Unused Serialized files (Serialized files now loaded: 0)
System memory in use before: 74.2 MB.
System memory in use after: 74.3 MB.

Unloading 6 unused Assets to reduce memory usage. Loaded Objects now: 2029.
Total: 5.786200 ms (FindLiveObjects: 0.475100 ms CreateObjectMapping: 0.289000 ms MarkObjects: 4.906600 ms  DeleteObjects: 0.112000 ms)

AssetImportParameters requested are different than current active one (requested -> active):
  custom:graphics/normal-map-encoding: 01000000000000000000000000000000 -> 02000000000000000000000000000000
========================================================================
Received Prepare
Registering precompiled user dll's ...
Registered in 0.001963 seconds.
Begin MonoManager ReloadAssembly
Native extension for WindowsStandalone target not found
Refreshing native plugins compatible for Editor in 0.94 ms, found 0 plugins.
Preloading 0 native plugins for Editor in 0.00 ms.
Invoked RoslynAnalysisRunner static constructor.
RoslynAnalysisRunner will not be running.
RoslynAnalysisRunner has terminated.
Mono: successfully reloaded assembly
- Completed reload, in  4.051 seconds
Platform modules already initialized, skipping
Switching build target platform(5) subTarget(0) extendedPlatform(0) -> platform(13) subTarget(589824) extendedPlatform(0)
Refreshing native plugins compatible for Editor in 1.23 ms, found 0 plugins.
Preloading 0 native plugins for Editor in 0.00 ms.
Unloading 1549 Unused Serialized files (Serialized files now loaded: 0)
System memory in use before: 74.3 MB.
System memory in use after: 74.3 MB.

Unloading 6 unused Assets to reduce memory usage. Loaded Objects now: 2033.
Total: 8.053200 ms (FindLiveObjects: 0.482000 ms CreateObjectMapping: 0.198800 ms MarkObjects: 7.231800 ms  DeleteObjects: 0.137000 ms)

AssetImportParameters requested are different than current active one (requested -> active):
  custom:graphics/normal-map-encoding: 01000000000000000000000000000000 -> 02000000000000000000000000000000
========================================================================
Received Import Request.
  Time since last request: 178.000064 seconds.
  path: Assets/Assets.index
  artifactKey: Guid(a445ea7d7bf40c94082d484746a2c1b0) Importer(815301076,1909f56bfc062723c751e8b465ee728b)
Start importing Assets/Assets.index using Guid(a445ea7d7bf40c94082d484746a2c1b0) Importer(815301076,1909f56bfc062723c751e8b465ee728b)  -> (artifact id: 'b9caa93d39426d929563aa9d2512308b') in 0.109110 seconds
  Import took 0.124746 seconds .

========================================================================
Received Prepare
Registering precompiled user dll's ...
Registered in 0.001571 seconds.
Begin MonoManager ReloadAssembly
Native extension for WindowsStandalone target not found
Refreshing native plugins compatible for Editor in 0.52 ms, found 0 plugins.
Preloading 0 native plugins for Editor in 0.00 ms.
Invoked RoslynAnalysisRunner static constructor.
RoslynAnalysisRunner will not be running.
RoslynAnalysisRunner has terminated.
Mono: successfully reloaded assembly
- Completed reload, in  2.965 seconds
Platform modules already initialized, skipping
Switching build target platform(5) subTarget(0) extendedPlatform(0) -> platform(13) subTarget(589824) extendedPlatform(0)
Refreshing native plugins compatible for Editor in 1.01 ms, found 0 plugins.
Preloading 0 native plugins for Editor in 0.00 ms.
Unloading 1549 Unused Serialized files (Serialized files now loaded: 0)
System memory in use before: 74.3 MB.
System memory in use after: 74.3 MB.

Unloading 6 unused Assets to reduce memory usage. Loaded Objects now: 2037.
Total: 4.062300 ms (FindLiveObjects: 0.391700 ms CreateObjectMapping: 0.167600 ms MarkObjects: 3.393800 ms  DeleteObjects: 0.106500 ms)

AssetImportParameters requested are different than current active one (requested -> active):
  custom:graphics/normal-map-encoding: 01000000000000000000000000000000 -> 02000000000000000000000000000000
========================================================================
Received Import Request.
  Time since last request: 1342.943558 seconds.
  path: Assets/logo1.png
  artifactKey: Guid(a509be22b02123f4aabc76baa63c59cc) Importer(815301076,1909f56bfc062723c751e8b465ee728b)
Start importing Assets/logo1.png using Guid(a509be22b02123f4aabc76baa63c59cc) Importer(815301076,1909f56bfc062723c751e8b465ee728b)  -> (artifact id: '6b55810011d6a44312f20461d9f034d9') in 0.187068 seconds
  Import took 0.191658 seconds .

========================================================================
Received Import Request.
  Time since last request: 0.624478 seconds.
  path: Assets/Assets.index
  artifactKey: Guid(a445ea7d7bf40c94082d484746a2c1b0) Importer(815301076,1909f56bfc062723c751e8b465ee728b)
Start importing Assets/Assets.index using Guid(a445ea7d7bf40c94082d484746a2c1b0) Importer(815301076,1909f56bfc062723c751e8b465ee728b)  -> (artifact id: '34593e497693d272ac144b72081d3677') in 0.034692 seconds
  Import took 0.039679 seconds .

========================================================================
Received Import Request.
  Time since last request: 10.351451 seconds.
  path: Assets/logo1.png
  artifactKey: Guid(a509be22b02123f4aabc76baa63c59cc) Importer(815301076,1909f56bfc062723c751e8b465ee728b)
Start importing Assets/logo1.png using Guid(a509be22b02123f4aabc76baa63c59cc) Importer(815301076,1909f56bfc062723c751e8b465ee728b)  -> (artifact id: '09a9c9b93571b3bf830a0a4d4dceb32b') in 0.085252 seconds
  Import took 0.090223 seconds .

========================================================================
Received Import Request.
  Time since last request: 0.741786 seconds.
  path: Assets/Assets.index
  artifactKey: Guid(a445ea7d7bf40c94082d484746a2c1b0) Importer(815301076,1909f56bfc062723c751e8b465ee728b)
Start importing Assets/Assets.index using Guid(a445ea7d7bf40c94082d484746a2c1b0) Importer(815301076,1909f56bfc062723c751e8b465ee728b)  -> (artifact id: '4bd79573d70455517ce96d52a408a4af') in 0.009463 seconds
  Import took 0.014231 seconds .

========================================================================
Received Import Request.
  Time since last request: 177.429441 seconds.
  path: Assets/Assets.index
  artifactKey: Guid(a445ea7d7bf40c94082d484746a2c1b0) Importer(815301076,1909f56bfc062723c751e8b465ee728b)
Start importing Assets/Assets.index using Guid(a445ea7d7bf40c94082d484746a2c1b0) Importer(815301076,1909f56bfc062723c751e8b465ee728b)  -> (artifact id: '846f45bb2c48a90a2f0fcfb46397fa3b') in 0.008811 seconds
  Import took 0.012229 seconds .

========================================================================
Received Import Request.
  Time since last request: 161.632634 seconds.
  path: Assets/logo2.png
  artifactKey: Guid(0d18d01d0cc0d8f4b85ce46dbd9d158b) Importer(815301076,1909f56bfc062723c751e8b465ee728b)
Start importing Assets/logo2.png using Guid(0d18d01d0cc0d8f4b85ce46dbd9d158b) Importer(815301076,1909f56bfc062723c751e8b465ee728b)  -> (artifact id: 'bae05be4bfb8c98c25b92ccb96f190ec') in 0.029978 seconds
  Import took 0.033975 seconds .

========================================================================
Received Import Request.
  Time since last request: 0.855331 seconds.
  path: Assets/Assets.index
  artifactKey: Guid(a445ea7d7bf40c94082d484746a2c1b0) Importer(815301076,1909f56bfc062723c751e8b465ee728b)
Start importing Assets/Assets.index using Guid(a445ea7d7bf40c94082d484746a2c1b0) Importer(815301076,1909f56bfc062723c751e8b465ee728b)  -> (artifact id: '0ca8f466b03b3f3ad4ba5bcf754cfc87') in 0.009518 seconds
  Import took 0.014228 seconds .

========================================================================
Received Import Request.
  Time since last request: 11.650906 seconds.
  path: Assets/logo2.png
  artifactKey: Guid(0d18d01d0cc0d8f4b85ce46dbd9d158b) Importer(815301076,1909f56bfc062723c751e8b465ee728b)
Start importing Assets/logo2.png using Guid(0d18d01d0cc0d8f4b85ce46dbd9d158b) Importer(815301076,1909f56bfc062723c751e8b465ee728b)  -> (artifact id: 'e8806a31de556ce76de245439d9d3d58') in 0.026521 seconds
  Import took 0.031511 seconds .

========================================================================
Received Import Request.
  Time since last request: 0.809374 seconds.
  path: Assets/Assets.index
  artifactKey: Guid(a445ea7d7bf40c94082d484746a2c1b0) Importer(815301076,1909f56bfc062723c751e8b465ee728b)
Start importing Assets/Assets.index using Guid(a445ea7d7bf40c94082d484746a2c1b0) Importer(815301076,1909f56bfc062723c751e8b465ee728b)  -> (artifact id: '32c6e6a58f63b955bb07078b61f37dd7') in 0.016768 seconds
  Import took 0.022205 seconds .

========================================================================
Received Import Request.
  Time since last request: 98.858798 seconds.
  path: Assets/Assets.index
  artifactKey: Guid(a445ea7d7bf40c94082d484746a2c1b0) Importer(815301076,1909f56bfc062723c751e8b465ee728b)
Start importing Assets/Assets.index using Guid(a445ea7d7bf40c94082d484746a2c1b0) Importer(815301076,1909f56bfc062723c751e8b465ee728b)  -> (artifact id: '4a89471973ad71f72ba0822aef9ab2bd') in 0.009008 seconds
  Import took 0.012174 seconds .

========================================================================
Received Import Request.
  Time since last request: 18.404595 seconds.
  path: Assets/FurnishedCabin/Textures/Bathroom_Oven_MAT_AlbedoTransparency.png
  artifactKey: Guid(edbd792a813003e44b097b5481cfd907) Importer(815301076,1909f56bfc062723c751e8b465ee728b)
Start importing Assets/FurnishedCabin/Textures/Bathroom_Oven_MAT_AlbedoTransparency.png using Guid(edbd792a813003e44b097b5481cfd907) Importer(815301076,1909f56bfc062723c751e8b465ee728b)  -> (artifact id: 'c8c06385c82cd9a9b42fe40e1500b39e') in 0.373509 seconds
  Import took 0.377254 seconds .

========================================================================
Received Import Request.
  Time since last request: 0.000357 seconds.
  path: Assets/FurnishedCabin/Textures/Bed_Sink_MAT_AlbedoTransparency.png
  artifactKey: Guid(51d98af666ba10f45ad4a045543447d5) Importer(815301076,1909f56bfc062723c751e8b465ee728b)
Start importing Assets/FurnishedCabin/Textures/Bed_Sink_MAT_AlbedoTransparency.png using Guid(51d98af666ba10f45ad4a045543447d5) Importer(815301076,1909f56bfc062723c751e8b465ee728b)  -> (artifact id: 'e5e0460bd39277e07c36ffee80b80139') in 0.127297 seconds
  Import took 0.129761 seconds .

========================================================================
Received Import Request.
  Time since last request: 0.000278 seconds.
  path: Assets/FurnishedCabin/Textures/Bathroom_Oven_MAT_AmbientOcclusion.png
  artifactKey: Guid(15b433f97379cec47842d404579a611e) Importer(815301076,1909f56bfc062723c751e8b465ee728b)
Start importing Assets/FurnishedCabin/Textures/Bathroom_Oven_MAT_AmbientOcclusion.png using Guid(15b433f97379cec47842d404579a611e) Importer(815301076,1909f56bfc062723c751e8b465ee728b)  -> (artifact id: '0deae8276649a1a1439e49d79ff1dde9') in 0.093861 seconds
  Import took 0.098544 seconds .

========================================================================
Received Import Request.
  Time since last request: 0.000287 seconds.
  path: Assets/FurnishedCabin/Textures/Bathroom_Oven_MAT_Normal.png
  artifactKey: Guid(45a2629f55ba89444a2efe66a8f98d93) Importer(815301076,1909f56bfc062723c751e8b465ee728b)
Start importing Assets/FurnishedCabin/Textures/Bathroom_Oven_MAT_Normal.png using Guid(45a2629f55ba89444a2efe66a8f98d93) Importer(815301076,1909f56bfc062723c751e8b465ee728b)  -> (artifact id: '8fd8940dae162815b48ffec8cf10f577') in 0.063510 seconds
  Import took 0.066485 seconds .

========================================================================
Received Import Request.
  Time since last request: 0.000615 seconds.
  path: Assets/FurnishedCabin/Textures/Bed_Sink_MAT_MetallicSmoothness.png
  artifactKey: Guid(60ae71b6f6cc2a94faa8b42638567ff0) Importer(815301076,1909f56bfc062723c751e8b465ee728b)
Start importing Assets/FurnishedCabin/Textures/Bed_Sink_MAT_MetallicSmoothness.png using Guid(60ae71b6f6cc2a94faa8b42638567ff0) Importer(815301076,1909f56bfc062723c751e8b465ee728b)  -> (artifact id: '843783549eada1c062bf5e374f3fb46b') in 0.104816 seconds
  Import took 0.107839 seconds .

========================================================================
Received Import Request.
  Time since last request: 0.000281 seconds.
  path: Assets/FurnishedCabin/Textures/Bathroom_Oven_MAT_MetallicSmoothness.png
  artifactKey: Guid(f16bc5c4ac032cf48ab877cf8b1db7a3) Importer(815301076,1909f56bfc062723c751e8b465ee728b)
Start importing Assets/FurnishedCabin/Textures/Bathroom_Oven_MAT_MetallicSmoothness.png using Guid(f16bc5c4ac032cf48ab877cf8b1db7a3) Importer(815301076,1909f56bfc062723c751e8b465ee728b)  -> (artifact id: '470208315541463139ef23166192dbb0') in 0.091845 seconds
  Import took 0.095549 seconds .

========================================================================
Received Import Request.
  Time since last request: 1.120363 seconds.
  path: Assets/FurnishedCabin/Textures/Bed_Sink_MAT_Normal.png
  artifactKey: Guid(5a040dfbb55f0f849933e5de5c5ec52a) Importer(815301076,1909f56bfc062723c751e8b465ee728b)
Start importing Assets/FurnishedCabin/Textures/Bed_Sink_MAT_Normal.png using Guid(5a040dfbb55f0f849933e5de5c5ec52a) Importer(815301076,1909f56bfc062723c751e8b465ee728b)  -> (artifact id: '0d5d9b9af04d2f31561487f620d9fd23') in 0.110257 seconds
  Import took 0.115424 seconds .

========================================================================
Received Import Request.
  Time since last request: 0.000500 seconds.
  path: Assets/FurnishedCabin/Textures/BedroomFurniture_Normal.png
  artifactKey: Guid(a8decf3cbc521cf47a6243a96b678969) Importer(815301076,1909f56bfc062723c751e8b465ee728b)
Start importing Assets/FurnishedCabin/Textures/BedroomFurniture_Normal.png using Guid(a8decf3cbc521cf47a6243a96b678969) Importer(815301076,1909f56bfc062723c751e8b465ee728b)  -> (artifact id: '6bfd6fcd8670c57c09b1e66c30f9cccf') in 0.071720 seconds
  Import took 0.075181 seconds .

========================================================================
Received Import Request.
  Time since last request: 0.000362 seconds.
  path: Assets/FurnishedCabin/Textures/BedroomFurniture_MetallicSmoothness.png
  artifactKey: Guid(7663437c12f99554b8cb0b8e1a4ce6a0) Importer(815301076,1909f56bfc062723c751e8b465ee728b)
Start importing Assets/FurnishedCabin/Textures/BedroomFurniture_MetallicSmoothness.png using Guid(7663437c12f99554b8cb0b8e1a4ce6a0) Importer(815301076,1909f56bfc062723c751e8b465ee728b)  -> (artifact id: '6a4c6bc5b6cabd108c877d48505f4f00') in 0.084565 seconds
  Import took 0.087935 seconds .

========================================================================
Received Import Request.
  Time since last request: 0.000352 seconds.
  path: Assets/FurnishedCabin/Textures/BedroomFurniture_AlbedoTransparency.png
  artifactKey: Guid(d7b7805b5a7450f4abf1fbc3f80b8938) Importer(815301076,1909f56bfc062723c751e8b465ee728b)
Start importing Assets/FurnishedCabin/Textures/BedroomFurniture_AlbedoTransparency.png using Guid(d7b7805b5a7450f4abf1fbc3f80b8938) Importer(815301076,1909f56bfc062723c751e8b465ee728b)  -> (artifact id: 'a9c5d6f6c71aea3ba97ce24db036d879') in 0.059418 seconds
  Import took 0.062946 seconds .

========================================================================
Received Import Request.
  Time since last request: 0.234898 seconds.
  path: Assets/FurnishedCabin/Textures/BuildingA_MAT_AlbedoTransparency.png
  artifactKey: Guid(ea82f8da2d91eeb4cb45de806ffd7990) Importer(815301076,1909f56bfc062723c751e8b465ee728b)
Start importing Assets/FurnishedCabin/Textures/BuildingA_MAT_AlbedoTransparency.png using Guid(ea82f8da2d91eeb4cb45de806ffd7990) Importer(815301076,1909f56bfc062723c751e8b465ee728b)  -> (artifact id: 'ddccb155c28456f79ed098f651a3fe9d') in 0.073115 seconds
  Import took 0.076763 seconds .

========================================================================
Received Import Request.
  Time since last request: 0.000356 seconds.
  path: Assets/FurnishedCabin/Textures/BuildingA_MAT_MetallicSmoothness.png
  artifactKey: Guid(ba109249b9612fb4aa9246edf6e92d24) Importer(815301076,1909f56bfc062723c751e8b465ee728b)
Start importing Assets/FurnishedCabin/Textures/BuildingA_MAT_MetallicSmoothness.png using Guid(ba109249b9612fb4aa9246edf6e92d24) Importer(815301076,1909f56bfc062723c751e8b465ee728b)  -> (artifact id: 'e9f7c83f87fbf5e341bac641de76f184') in 0.091365 seconds
  Import took 0.094891 seconds .

========================================================================
Received Import Request.
  Time since last request: 0.000356 seconds.
  path: Assets/FurnishedCabin/Textures/BuildingA_MAT_Normal.png
  artifactKey: Guid(7fb269d1ff09b7c4f8c1a7219af4dcb3) Importer(815301076,1909f56bfc062723c751e8b465ee728b)
Start importing Assets/FurnishedCabin/Textures/BuildingA_MAT_Normal.png using Guid(7fb269d1ff09b7c4f8c1a7219af4dcb3) Importer(815301076,1909f56bfc062723c751e8b465ee728b)  -> (artifact id: '62729723784d8b5911bcd2802026825f') in 0.066114 seconds
  Import took 0.069911 seconds .

========================================================================
Received Import Request.
  Time since last request: 0.000349 seconds.
  path: Assets/FurnishedCabin/Textures/Chairs_AlbedoTransparency.png
  artifactKey: Guid(0376b7bae8de12b46a8e17e10169869a) Importer(815301076,1909f56bfc062723c751e8b465ee728b)
Start importing Assets/FurnishedCabin/Textures/Chairs_AlbedoTransparency.png using Guid(0376b7bae8de12b46a8e17e10169869a) Importer(815301076,1909f56bfc062723c751e8b465ee728b)  -> (artifact id: '0c74191fcceaf00453d68aab1282522d') in 0.069115 seconds
  Import took 0.071497 seconds .

========================================================================
Received Import Request.
  Time since last request: 0.000275 seconds.
  path: Assets/FurnishedCabin/Textures/Chairs_MetallicSmoothness.png
  artifactKey: Guid(a09c974e24b605245825a42d0ed88fbe) Importer(815301076,1909f56bfc062723c751e8b465ee728b)
Start importing Assets/FurnishedCabin/Textures/Chairs_MetallicSmoothness.png using Guid(a09c974e24b605245825a42d0ed88fbe) Importer(815301076,1909f56bfc062723c751e8b465ee728b)  -> (artifact id: 'd7ff681bec32f61e3c9a240902730227') in 0.077706 seconds
  Import took 0.081011 seconds .

========================================================================
Received Import Request.
  Time since last request: 0.000360 seconds.
  path: Assets/FurnishedCabin/Textures/Chairs_Normal.png
  artifactKey: Guid(36cbb5dd2c88577448148996c4611120) Importer(815301076,1909f56bfc062723c751e8b465ee728b)
Start importing Assets/FurnishedCabin/Textures/Chairs_Normal.png using Guid(36cbb5dd2c88577448148996c4611120) Importer(815301076,1909f56bfc062723c751e8b465ee728b)  -> (artifact id: '32186a5289afc62bfe28ccdec38c48d4') in 0.066446 seconds
  Import took 0.069569 seconds .

========================================================================
Received Import Request.
  Time since last request: 0.000381 seconds.
  path: Assets/FurnishedCabin/Textures/BuildingB_MAT_AlbedoTransparency.png
  artifactKey: Guid(f564060b9da7fe149b829158e04f612e) Importer(815301076,1909f56bfc062723c751e8b465ee728b)
Start importing Assets/FurnishedCabin/Textures/BuildingB_MAT_AlbedoTransparency.png using Guid(f564060b9da7fe149b829158e04f612e) Importer(815301076,1909f56bfc062723c751e8b465ee728b)  -> (artifact id: '2c1446420beed0fbd5511921de3051ac') in 0.085482 seconds
  Import took 0.088015 seconds .

========================================================================
Received Import Request.
  Time since last request: 0.000346 seconds.
  path: Assets/FurnishedCabin/Textures/BuildingA_MAT_AlbedoTransparency.png
  artifactKey: Guid(ea82f8da2d91eeb4cb45de806ffd7990) Importer(815301076,1909f56bfc062723c751e8b465ee728b)
Start importing Assets/FurnishedCabin/Textures/BuildingA_MAT_AlbedoTransparency.png using Guid(ea82f8da2d91eeb4cb45de806ffd7990) Importer(815301076,1909f56bfc062723c751e8b465ee728b)  -> (artifact id: 'ddccb155c28456f79ed098f651a3fe9d') in 0.054562 seconds
  Import took 0.057372 seconds .

========================================================================
Received Import Request.
  Time since last request: 0.000415 seconds.
  path: Assets/FurnishedCabin/Textures/BuildingB_MAT_MetallicSmoothness.png
  artifactKey: Guid(2881032de821c6e4ca0964bcffe8b218) Importer(815301076,1909f56bfc062723c751e8b465ee728b)
Start importing Assets/FurnishedCabin/Textures/BuildingB_MAT_MetallicSmoothness.png using Guid(2881032de821c6e4ca0964bcffe8b218) Importer(815301076,1909f56bfc062723c751e8b465ee728b)  -> (artifact id: 'c6219a29b2dd256a0146e41cdadceae4') in 0.089663 seconds
  Import took 0.092747 seconds .

========================================================================
Received Import Request.
  Time since last request: 0.000253 seconds.
  path: Assets/FurnishedCabin/Textures/BuildingB_MAT_Normal.png
  artifactKey: Guid(d7ba41bd4187f3e4bac4f10c871cce0d) Importer(815301076,1909f56bfc062723c751e8b465ee728b)
Start importing Assets/FurnishedCabin/Textures/BuildingB_MAT_Normal.png using Guid(d7ba41bd4187f3e4bac4f10c871cce0d) Importer(815301076,1909f56bfc062723c751e8b465ee728b)  -> (artifact id: 'cf05d365f923c6a43c875faca6474580') in 0.072326 seconds
  Import took 0.076374 seconds .

========================================================================
Received Import Request.
  Time since last request: 24.286057 seconds.
  path: Assets/icon.jpeg
  artifactKey: Guid(464f5ba54fea0b546b76181b3b8fd825) Importer(815301076,1909f56bfc062723c751e8b465ee728b)
Start importing Assets/icon.jpeg using Guid(464f5ba54fea0b546b76181b3b8fd825) Importer(815301076,1909f56bfc062723c751e8b465ee728b)  -> (artifact id: 'a15533eb63faa91441b2f71b05826959') in 0.022493 seconds
  Import took 0.025889 seconds .

========================================================================
Received Import Request.
  Time since last request: 0.773149 seconds.
  path: Assets/Assets.index
  artifactKey: Guid(a445ea7d7bf40c94082d484746a2c1b0) Importer(815301076,1909f56bfc062723c751e8b465ee728b)
Start importing Assets/Assets.index using Guid(a445ea7d7bf40c94082d484746a2c1b0) Importer(815301076,1909f56bfc062723c751e8b465ee728b)  -> (artifact id: 'ee66eea57790bb1a1bdeff9824cf6935') in 0.007402 seconds
  Import took 0.011659 seconds .

========================================================================
Received Import Request.
  Time since last request: 20.184644 seconds.
  path: Assets/FurnishedCabin/Textures/Doors_TVStand_MAT_MetallicSmoothness.png
  artifactKey: Guid(32a21508c9991594ba7aeac228b5162a) Importer(815301076,1909f56bfc062723c751e8b465ee728b)
Start importing Assets/FurnishedCabin/Textures/Doors_TVStand_MAT_MetallicSmoothness.png using Guid(32a21508c9991594ba7aeac228b5162a) Importer(815301076,1909f56bfc062723c751e8b465ee728b)  -> (artifact id: '3bc61577584ed9fa292552f28be4f0bc') in 0.120417 seconds
  Import took 0.124210 seconds .

========================================================================
Received Import Request.
  Time since last request: 0.000337 seconds.
  path: Assets/FurnishedCabin/Textures/Fireplace_KitchenBench_MetallicSmoothness.png
  artifactKey: Guid(98ea345f7a8d0814fb5c98db1bffdcde) Importer(815301076,1909f56bfc062723c751e8b465ee728b)
Start importing Assets/FurnishedCabin/Textures/Fireplace_KitchenBench_MetallicSmoothness.png using Guid(98ea345f7a8d0814fb5c98db1bffdcde) Importer(815301076,1909f56bfc062723c751e8b465ee728b)  -> (artifact id: 'dce65eeca5bae4d6d3d589041c3f3923') in 0.080591 seconds
  Import took 0.082911 seconds .

========================================================================
Received Prepare
Registering precompiled user dll's ...
Registered in 0.000811 seconds.
Begin MonoManager ReloadAssembly
Native extension for WindowsStandalone target not found
Refreshing native plugins compatible for Editor in 0.31 ms, found 0 plugins.
Preloading 0 native plugins for Editor in 0.00 ms.
Invoked RoslynAnalysisRunner static constructor.
RoslynAnalysisRunner will not be running.
RoslynAnalysisRunner has terminated.
Mono: successfully reloaded assembly
- Completed reload, in  1.321 seconds
Platform modules already initialized, skipping
Switching build target platform(5) subTarget(0) extendedPlatform(0) -> platform(13) subTarget(589824) extendedPlatform(0)
Refreshing native plugins compatible for Editor in 0.31 ms, found 0 plugins.
Preloading 0 native plugins for Editor in 0.00 ms.
Unloading 1549 Unused Serialized files (Serialized files now loaded: 0)
System memory in use before: 74.3 MB.
System memory in use after: 74.4 MB.

Unloading 6 unused Assets to reduce memory usage. Loaded Objects now: 2046.
Total: 1.966200 ms (FindLiveObjects: 0.182300 ms CreateObjectMapping: 0.076300 ms MarkObjects: 1.626100 ms  DeleteObjects: 0.080300 ms)

AssetImportParameters requested are different than current active one (requested -> active):
  custom:graphics/normal-map-encoding: 01000000000000000000000000000000 -> 02000000000000000000000000000000
========================================================================
Received Prepare
Refreshing native plugins compatible for Editor in 0.91 ms, found 0 plugins.
Preloading 0 native plugins for Editor in 0.00 ms.
Unloading 3 Unused Serialized files (Serialized files now loaded: 0)
System memory in use before: 43.6 MB.
System memory in use after: 43.7 MB.

Unloading 3 unused Assets to reduce memory usage. Loaded Objects now: 2046.
Total: 2.316400 ms (FindLiveObjects: 0.223800 ms CreateObjectMapping: 0.125100 ms MarkObjects: 1.914500 ms  DeleteObjects: 0.051300 ms)

========================================================================
Received Import Request.
  Time since last request: 355.013681 seconds.
  path: Assets/Assets.index
  artifactKey: Guid(a445ea7d7bf40c94082d484746a2c1b0) Importer(815301076,1909f56bfc062723c751e8b465ee728b)
Start importing Assets/Assets.index using Guid(a445ea7d7bf40c94082d484746a2c1b0) Importer(815301076,1909f56bfc062723c751e8b465ee728b)  -> (artifact id: 'd987805acbe02a9a550d1b6b5e98837f') in 0.113030 seconds
  Import took 0.117407 seconds .

========================================================================
Received Import Request.
  Time since last request: 410.312609 seconds.
  path: Assets/Assets.index
  artifactKey: Guid(a445ea7d7bf40c94082d484746a2c1b0) Importer(815301076,1909f56bfc062723c751e8b465ee728b)
Start importing Assets/Assets.index using Guid(a445ea7d7bf40c94082d484746a2c1b0) Importer(815301076,1909f56bfc062723c751e8b465ee728b)  -> (artifact id: '3ff2daf449db4e679353457c7ae7480c') in 0.012930 seconds
  Import took 0.017824 seconds .

========================================================================
Received Prepare
Refreshing native plugins compatible for Editor in 1.10 ms, found 0 plugins.
Preloading 0 native plugins for Editor in 0.00 ms.
Unloading 3 Unused Serialized files (Serialized files now loaded: 0)
System memory in use before: 43.7 MB.
System memory in use after: 43.8 MB.

Unloading 3 unused Assets to reduce memory usage. Loaded Objects now: 2046.
Total: 5.947600 ms (FindLiveObjects: 0.458000 ms CreateObjectMapping: 0.132700 ms MarkObjects: 5.294700 ms  DeleteObjects: 0.060000 ms)

========================================================================
Received Import Request.
  Time since last request: 148.732018 seconds.
  path: Assets/Assets.index
  artifactKey: Guid(a445ea7d7bf40c94082d484746a2c1b0) Importer(815301076,1909f56bfc062723c751e8b465ee728b)
Start importing Assets/Assets.index using Guid(a445ea7d7bf40c94082d484746a2c1b0) Importer(815301076,1909f56bfc062723c751e8b465ee728b)  -> (artifact id: '8cb9069c9199ee293d926d3dea2264f5') in 0.018840 seconds
  Import took 0.024032 seconds .

