Using pre-set license
Built from '2020.3/staging' branch; Version is '2020.3.0f1 (c7b5465681fb) revision 13088070'; Using compiler version '192528614'; Build Type 'Release'
OS: 'Windows 10 Home Single Language; OS build 19042.928; Version 2009; 64bit' Language: 'en' Physical Memory: 8034 MB
BatchMode: 1, IsHumanControllingUs: 0, StartBugReporterOnCrash: 0, Is64bit: 1, IsPro: 0

 COMMAND LINE ARGUMENTS:
C:\Program Files\Unity\Hub\Editor\2020.3.0f1\Editor\Unity.exe
-adb2
-batchMode
-noUpm
-name
AssetImportWorker0
-projectPath
C:/Users/shubh/AR House Dis
-logFile
Logs/AssetImportWorker0.log
-srvPort
58351
Successfully changed project path to: C:/Users/shubh/AR House Dis
C:/Users/shubh/AR House Dis
Using Asset Import Pipeline V2.
Refreshing native plugins compatible for Editor in 149.34 ms, found 0 plugins.
Preloading 0 native plugins for Editor in 0.00 ms.
Initialize engine version: 2020.3.0f1 (c7b5465681fb)
[Subsystems] Discovering subsystems at path C:/Program Files/Unity/Hub/Editor/2020.3.0f1/Editor/Data/Resources/UnitySubsystems
[Subsystems] Discovering subsystems at path C:/Users/shubh/AR House Dis/Assets
GfxDevice: creating device client; threaded=0
Direct3D:
    Version:  Direct3D 11.0 [level 11.1]
    Renderer: NVIDIA GeForce GTX 1050 Ti (ID=0x1c8c)
    Vendor:   
    VRAM:     4018 MB
    Driver:   27.21.14.6589
Initialize mono
Mono path[0] = 'C:/Program Files/Unity/Hub/Editor/2020.3.0f1/Editor/Data/Managed'
Mono path[1] = 'C:/Program Files/Unity/Hub/Editor/2020.3.0f1/Editor/Data/MonoBleedingEdge/lib/mono/unityjit'
Mono config path = 'C:/Program Files/Unity/Hub/Editor/2020.3.0f1/Editor/Data/MonoBleedingEdge/etc'
Using monoOptions --debugger-agent=transport=dt_socket,embedding=1,server=y,suspend=n,address=127.0.0.1:56188
Begin MonoManager ReloadAssembly
Registering precompiled unity dll's ...
Register platform support module: C:/Program Files/Unity/Hub/Editor/2020.3.0f1/Editor/Data/PlaybackEngines/WindowsStandaloneSupport/UnityEditor.WindowsStandalone.Extensions.dll
Registered in 0.008775 seconds.
Native extension for WindowsStandalone target not found
Refreshing native plugins compatible for Editor in 92.25 ms, found 0 plugins.
Preloading 0 native plugins for Editor in 0.00 ms.
Invoked RoslynAnalysisRunner static constructor.
RoslynAnalysisRunner will not be running.
RoslynAnalysisRunner has terminated.
Mono: successfully reloaded assembly
- Completed reload, in 13.337 seconds
Platform modules already initialized, skipping
Registering precompiled user dll's ...
Registered in 0.005035 seconds.
Begin MonoManager ReloadAssembly
Native extension for WindowsStandalone target not found
Refreshing native plugins compatible for Editor in 78.23 ms, found 0 plugins.
Preloading 0 native plugins for Editor in 0.00 ms.
Invoked RoslynAnalysisRunner static constructor.
RoslynAnalysisRunner will not be running.
RoslynAnalysisRunner has terminated.
Mono: successfully reloaded assembly
- Completed reload, in  2.793 seconds
Platform modules already initialized, skipping
========================================================================
Worker process is ready to serve import requests
Launched and connected shader compiler UnityShaderCompiler.exe after 0.19 seconds
Refreshing native plugins compatible for Editor in 0.73 ms, found 0 plugins.
Preloading 0 native plugins for Editor in 0.00 ms.
Unloading 1555 Unused Serialized files (Serialized files now loaded: 0)
System memory in use before: 70.5 MB.
System memory in use after: 70.5 MB.

Unloading 11 unused Assets to reduce memory usage. Loaded Objects now: 1999.
Total: 5.109400 ms (FindLiveObjects: 0.462500 ms CreateObjectMapping: 0.173100 ms MarkObjects: 4.276600 ms  DeleteObjects: 0.194700 ms)

========================================================================
Received Import Request.
  path: Assets/Assets.index
  artifactKey: Guid(a445ea7d7bf40c94082d484746a2c1b0) Importer(815301076,1909f56bfc062723c751e8b465ee728b)
Start importing Assets/Assets.index using Guid(a445ea7d7bf40c94082d484746a2c1b0) Importer(815301076,1909f56bfc062723c751e8b465ee728b)  -> (artifact id: 'e54408c694a1cf68dd15681f43dd913a') in 0.248531 seconds
  Import took 0.259505 seconds .

========================================================================
Received Import Request.
  Time since last request: 0.001833 seconds.
  path: Assets/background-water-voda-fon.jpg
  artifactKey: Guid(6288cd5fca802c94396ce022e00228df) Importer(815301076,1909f56bfc062723c751e8b465ee728b)
Start importing Assets/background-water-voda-fon.jpg using Guid(6288cd5fca802c94396ce022e00228df) Importer(815301076,1909f56bfc062723c751e8b465ee728b)  -> (artifact id: '6466a337b8d5c5572149730caa7d0ba0') in 0.358607 seconds
  Import took 0.369531 seconds .

========================================================================
Received Import Request.
  Time since last request: 0.001013 seconds.
  path: Assets/PlacementMarkerBase.png
  artifactKey: Guid(0792374a534bb6844873e6fece9bd1e0) Importer(815301076,1909f56bfc062723c751e8b465ee728b)
Start importing Assets/PlacementMarkerBase.png using Guid(0792374a534bb6844873e6fece9bd1e0) Importer(815301076,1909f56bfc062723c751e8b465ee728b)  -> (artifact id: 'b31ed344fae149811429d7bdd1c80fe5') in 0.056456 seconds
  Import took 0.065230 seconds .

========================================================================
Received Import Request.
  Time since last request: 0.001136 seconds.
  path: Assets/changecolor.png
  artifactKey: Guid(41fc3f8a6899db14aa375a6191cc974a) Importer(815301076,1909f56bfc062723c751e8b465ee728b)
Start importing Assets/changecolor.png using Guid(41fc3f8a6899db14aa375a6191cc974a) Importer(815301076,1909f56bfc062723c751e8b465ee728b)  -> (artifact id: '9fb9dab6e0de516d7d71d5f8a3173e16') in 0.033871 seconds
  Import took 0.041756 seconds .

========================================================================
Received Import Request.
  Time since last request: 12.941929 seconds.
  path: Assets/Scenes
  artifactKey: Guid(fa7e8faff9ac1aa46a39cd9cd4bdb318) Importer(815301076,1909f56bfc062723c751e8b465ee728b)
Start importing Assets/Scenes using Guid(fa7e8faff9ac1aa46a39cd9cd4bdb318) Importer(815301076,1909f56bfc062723c751e8b465ee728b)  -> (artifact id: '74f18f7df68ae29c5e549f3eefb2ac5d') in 0.033381 seconds
  Import took 0.045773 seconds .

========================================================================
Received Import Request.
  Time since last request: 0.008286 seconds.
  path: Assets/Scenes
  artifactKey: Guid(fa7e8faff9ac1aa46a39cd9cd4bdb318) Importer(815301076,1909f56bfc062723c751e8b465ee728b)
Start importing Assets/Scenes using Guid(fa7e8faff9ac1aa46a39cd9cd4bdb318) Importer(815301076,1909f56bfc062723c751e8b465ee728b)  -> (artifact id: '74f18f7df68ae29c5e549f3eefb2ac5d') in 0.010840 seconds
  Import took 0.020608 seconds .

========================================================================
Received Import Request.
  Time since last request: 13.107478 seconds.
  path: Assets/Scenes/New SceneTemplate.scenetemplate
  artifactKey: Guid(e5decb7ec4de15a44aff546ddeb714a4) Importer(815301076,1909f56bfc062723c751e8b465ee728b)
Start importing Assets/Scenes/New SceneTemplate.scenetemplate using Guid(e5decb7ec4de15a44aff546ddeb714a4) Importer(815301076,1909f56bfc062723c751e8b465ee728b)  -> (artifact id: '484c0d222a4d359718c160cae2c30023') in 0.032816 seconds
  Import took 0.042235 seconds .

========================================================================
Received Import Request.
  Time since last request: 35.441378 seconds.
  path: Assets/Scenes/Home Scene.unity
  artifactKey: Guid(b69ab62281f49ff498862b042ee5e4f7) Importer(815301076,1909f56bfc062723c751e8b465ee728b)
Start importing Assets/Scenes/Home Scene.unity using Guid(b69ab62281f49ff498862b042ee5e4f7) Importer(815301076,1909f56bfc062723c751e8b465ee728b)  -> (artifact id: 'b69c9389d02729cc5cf8177cd633dd37') in 0.013612 seconds
  Import took 0.018613 seconds .

========================================================================
Received Prepare
Registering precompiled user dll's ...
Registered in 0.001859 seconds.
Begin MonoManager ReloadAssembly
Native extension for WindowsStandalone target not found
Refreshing native plugins compatible for Editor in 0.78 ms, found 0 plugins.
Preloading 0 native plugins for Editor in 0.00 ms.
Invoked RoslynAnalysisRunner static constructor.
RoslynAnalysisRunner will not be running.
RoslynAnalysisRunner has terminated.
Mono: successfully reloaded assembly
- Completed reload, in  2.059 seconds
Platform modules already initialized, skipping
Switching build target platform(5) subTarget(0) extendedPlatform(0) -> platform(13) subTarget(589824) extendedPlatform(0)
Refreshing native plugins compatible for Editor in 0.68 ms, found 0 plugins.
Preloading 0 native plugins for Editor in 0.00 ms.
Unloading 1548 Unused Serialized files (Serialized files now loaded: 0)
System memory in use before: 73.1 MB.
System memory in use after: 73.2 MB.

Unloading 6 unused Assets to reduce memory usage. Loaded Objects now: 2012.
Total: 2.931500 ms (FindLiveObjects: 0.329300 ms CreateObjectMapping: 0.124000 ms MarkObjects: 2.405300 ms  DeleteObjects: 0.070600 ms)

AssetImportParameters requested are different than current active one (requested -> active):
  custom:graphics/normal-map-encoding: 01000000000000000000000000000000 -> 02000000000000000000000000000000
AssetImportWorkerClient::OnTransportError - code=2 error=End of file
